Using pre-set license
Built from '2020.2/release' branch; Version is '2020.2.1f1 (270dd8c3da1c) revision 2559448'; Using compiler version '192528614'; Build Type 'Release'
OS: 'Windows 10  (10.0.0) 64bit' Language: 'en' Physical Memory: 32669 MB
BatchMode: 1, IsHumanControllingUs: 0, StartBugReporterOnCrash: 0, Is64bit: 1, IsPro: 0

 COMMAND LINE ARGUMENTS:
C:\Program Files\Unity\Hub\Editor\2020.2.1f1\Editor\Unity.exe
-adb2
-batchMode
-noUpm
-name
AssetImportWorker0
-projectPath
C:/Users/zacht/OneDrive/Desktop/Games/Untitled Puzzle Game
-logFile
Logs/AssetImportWorker0.log
-srvPort
54089
Successfully changed project path to: C:/Users/zacht/OneDrive/Desktop/Games/Untitled Puzzle Game
C:/Users/zacht/OneDrive/Desktop/Games/Untitled Puzzle Game
Using Asset Import Pipeline V2.
Refreshing native plugins compatible for Editor in 27.38 ms, found 1 plugins.
Preloading 0 native plugins for Editor in 0.00 ms.
Initialize engine version: 2020.2.1f1 (270dd8c3da1c)
[Subsystems] Discovering subsystems at path C:/Program Files/Unity/Hub/Editor/2020.2.1f1/Editor/Data/Resources/UnitySubsystems
[Subsystems] Discovering subsystems at path C:/Users/zacht/OneDrive/Desktop/Games/Untitled Puzzle Game/Assets
GfxDevice: creating device client; threaded=0
Direct3D:
    Version:  Direct3D 11.0 [level 11.1]
    Renderer: NVIDIA GeForce RTX 3090 (ID=0x2204)
    Vendor:   
    VRAM:     24348 MB
    Driver:   30.0.15.1259
Initialize mono
Mono path[0] = 'C:/Program Files/Unity/Hub/Editor/2020.2.1f1/Editor/Data/Managed'
Mono path[1] = 'C:/Program Files/Unity/Hub/Editor/2020.2.1f1/Editor/Data/MonoBleedingEdge/lib/mono/unityjit'
Mono config path = 'C:/Program Files/Unity/Hub/Editor/2020.2.1f1/Editor/Data/MonoBleedingEdge/etc'
Using monoOptions --debugger-agent=transport=dt_socket,embedding=1,server=y,suspend=n,address=127.0.0.1:56932
Begin MonoManager ReloadAssembly
Registering precompiled unity dll's ...
Register platform support module: C:/Program Files/Unity/Hub/Editor/2020.2.1f1/Editor/Data/PlaybackEngines/WebGLSupport/UnityEditor.WebGL.Extensions.dll
Register platform support module: C:/Program Files/Unity/Hub/Editor/2020.2.1f1/Editor/Data/PlaybackEngines/MacStandaloneSupport/UnityEditor.OSXStandalone.Extensions.dll
Register platform support module: C:/Program Files/Unity/Hub/Editor/2020.2.1f1/Editor/Data/PlaybackEngines/WindowsStandaloneSupport/UnityEditor.WindowsStandalone.Extensions.dll
Register platform support module: C:/Program Files/Unity/Hub/Editor/2020.2.1f1/Editor/Data/PlaybackEngines/LinuxStandaloneSupport/UnityEditor.LinuxStandalone.Extensions.dll
Register platform support module: C:/Program Files/Unity/Hub/Editor/2020.2.1f1/Editor/Data/PlaybackEngines/LuminSupport/UnityEditor.Lumin.Extensions.dll
Registered in 0.002955 seconds.
Native extension for Lumin target not found
Native extension for LinuxStandalone target not found
Native extension for WindowsStandalone target not found
Native extension for OSXStandalone target not found
Native extension for WebGL target not found
Refreshing native plugins compatible for Editor in 31.51 ms, found 1 plugins.
Preloading 0 native plugins for Editor in 0.00 ms.
Invoked RoslynAnalysisRunner static constructor.
RoslynAnalysisRunner will not be running.
RoslynAnalysisRunner has terminated.
Mono: successfully reloaded assembly
- Completed reload, in  2.187 seconds
Platform modules already initialized, skipping
Registering precompiled user dll's ...
Registered in 0.000968 seconds.
Begin MonoManager ReloadAssembly
Native extension for Lumin target not found
Native extension for LinuxStandalone target not found
Native extension for WindowsStandalone target not found
Native extension for OSXStandalone target not found
Native extension for WebGL target not found
Refreshing native plugins compatible for Editor in 26.95 ms, found 1 plugins.
Preloading 0 native plugins for Editor in 0.00 ms.
Invoked RoslynAnalysisRunner static constructor.
RoslynAnalysisRunner will not be running.
RoslynAnalysisRunner has terminated.
Mono: successfully reloaded assembly
- Completed reload, in  0.785 seconds
Platform modules already initialized, skipping
========================================================================
Worker process is ready to serve import requests
Launched and connected shader compiler UnityShaderCompiler.exe after 0.03 seconds
Refreshing native plugins compatible for Editor in 0.33 ms, found 1 plugins.
Preloading 0 native plugins for Editor in 0.00 ms.
Unloading 1787 Unused Serialized files (Serialized files now loaded: 0)
System memory in use before: 93.7 MB.
System memory in use after: 93.7 MB.

Unloading 24 unused Assets to reduce memory usage. Loaded Objects now: 2227.
Total: 1.658900 ms (FindLiveObjects: 0.218000 ms CreateObjectMapping: 0.093200 ms MarkObjects: 1.259600 ms  DeleteObjects: 0.087400 ms)

========================================================================
Received Import Request.
  path: Assets/Fonts
  artifactKey: Guid(0cc6032a36cd5d24ca7f45754d38a496) Importer(815301076,1909f56bfc062723c751e8b465ee728b)
Start importing Assets/Fonts using Guid(0cc6032a36cd5d24ca7f45754d38a496) Importer(815301076,1909f56bfc062723c751e8b465ee728b)  -> (artifact id: 'bd57517a6bb66087bc24eec13293f2b2') in 0.007137 seconds
  Import took 0.009634 seconds .

========================================================================
Received Import Request.
  Time since last request: 242.248874 seconds.
  path: Assets/Fonts/Agane╠Ç 65 (Bold).ttf
  artifactKey: Guid(d0d71df10cd56fb499f25e45dba9fa23) Importer(815301076,1909f56bfc062723c751e8b465ee728b)
Start importing Assets/Fonts/Agane╠Ç 65 (Bold).ttf using Guid(d0d71df10cd56fb499f25e45dba9fa23) Importer(815301076,1909f56bfc062723c751e8b465ee728b)  -> (artifact id: 'ae9407e6f063990e8f0c091e581a67a4') in 0.083357 seconds
  Import took 0.086408 seconds .

========================================================================
Received Import Request.
  Time since last request: 22.304847 seconds.
  path: Assets/Fonts/Agane╠Ç 65 (Bold).ttf
  artifactKey: Guid(d0d71df10cd56fb499f25e45dba9fa23) Importer(815301076,1909f56bfc062723c751e8b465ee728b)
Start importing Assets/Fonts/Agane╠Ç 65 (Bold).ttf using Guid(d0d71df10cd56fb499f25e45dba9fa23) Importer(815301076,1909f56bfc062723c751e8b465ee728b)  -> (artifact id: '135c481438bbbb5a923c0dc4cc328df9') in 0.006936 seconds
  Import took 0.009944 seconds .

========================================================================
Received Import Request.
  Time since last request: 5.420869 seconds.
  path: Assets/Fonts/Sans-Serif.ttf
  artifactKey: Guid(d0d71df10cd56fb499f25e45dba9fa23) Importer(815301076,1909f56bfc062723c751e8b465ee728b)
Start importing Assets/Fonts/Sans-Serif.ttf using Guid(d0d71df10cd56fb499f25e45dba9fa23) Importer(815301076,1909f56bfc062723c751e8b465ee728b)  -> (artifact id: '9c97435ac670c1e4dba95ad335b43e04') in 0.022456 seconds
  Import took 0.025119 seconds .

========================================================================
Received Import Request.
  Time since last request: 74.881592 seconds.
  path: Assets/Fonts/Sans-Serif.ttf
  artifactKey: Guid(d0d71df10cd56fb499f25e45dba9fa23) Importer(815301076,1909f56bfc062723c751e8b465ee728b)
Start importing Assets/Fonts/Sans-Serif.ttf using Guid(d0d71df10cd56fb499f25e45dba9fa23) Importer(815301076,1909f56bfc062723c751e8b465ee728b)  -> (artifact id: 'f76a999671e5ff7548a7b6147ddcfcf7') in 0.014579 seconds
  Import took 0.017283 seconds .

========================================================================
Received Import Request.
  Time since last request: 3.509042 seconds.
  path: Assets/Fonts/Sans-Serif.ttf
  artifactKey: Guid(d0d71df10cd56fb499f25e45dba9fa23) Importer(815301076,1909f56bfc062723c751e8b465ee728b)
Start importing Assets/Fonts/Sans-Serif.ttf using Guid(d0d71df10cd56fb499f25e45dba9fa23) Importer(815301076,1909f56bfc062723c751e8b465ee728b)  -> (artifact id: '71115ffa4fac6b3825b5cc38434164a0') in 0.009703 seconds
  Import took 0.013203 seconds .

========================================================================
Received Import Request.
  Time since last request: 9.676929 seconds.
  path: Assets/Fonts/Sans-Serif.ttf
  artifactKey: Guid(d0d71df10cd56fb499f25e45dba9fa23) Importer(815301076,1909f56bfc062723c751e8b465ee728b)
Start importing Assets/Fonts/Sans-Serif.ttf using Guid(d0d71df10cd56fb499f25e45dba9fa23) Importer(815301076,1909f56bfc062723c751e8b465ee728b)  -> (artifact id: '34bb0c6adfc761925ae43534783920ab') in 0.006728 seconds
  Import took 0.009881 seconds .

========================================================================
Received Import Request.
  Time since last request: 8.800811 seconds.
  path: Assets/Fonts/Sans-Serif.ttf
  artifactKey: Guid(d0d71df10cd56fb499f25e45dba9fa23) Importer(815301076,1909f56bfc062723c751e8b465ee728b)
Start importing Assets/Fonts/Sans-Serif.ttf using Guid(d0d71df10cd56fb499f25e45dba9fa23) Importer(815301076,1909f56bfc062723c751e8b465ee728b)  -> (artifact id: 'e1bd45e99201bc03802b058c460a5d0c') in 0.010096 seconds
  Import took 0.012556 seconds .

========================================================================
Received Prepare
Registering precompiled user dll's ...
Registered in 0.000897 seconds.
Begin MonoManager ReloadAssembly
Native extension for Lumin target not found
Native extension for LinuxStandalone target not found
Native extension for WindowsStandalone target not found
Native extension for OSXStandalone target not found
Native extension for WebGL target not found
Refreshing native plugins compatible for Editor in 0.31 ms, found 1 plugins.
Preloading 0 native plugins for Editor in 0.00 ms.
Invoked RoslynAnalysisRunner static constructor.
RoslynAnalysisRunner will not be running.
RoslynAnalysisRunner has terminated.
Mono: successfully reloaded assembly
- Completed reload, in  0.682 seconds
Platform modules already initialized, skipping
Refreshing native plugins compatible for Editor in 0.30 ms, found 1 plugins.
Preloading 0 native plugins for Editor in 0.00 ms.
Unloading 1782 Unused Serialized files (Serialized files now loaded: 0)
System memory in use before: 97.2 MB.
System memory in use after: 97.2 MB.

Unloading 12 unused Assets to reduce memory usage. Loaded Objects now: 2274.
Total: 1.554900 ms (FindLiveObjects: 0.154800 ms CreateObjectMapping: 0.053200 ms MarkObjects: 1.273000 ms  DeleteObjects: 0.073000 ms)

========================================================================
Received Prepare
Registering precompiled user dll's ...
Registered in 0.000908 seconds.
Begin MonoManager ReloadAssembly
Native extension for Lumin target not found
Native extension for LinuxStandalone target not found
Native extension for WindowsStandalone target not found
Native extension for OSXStandalone target not found
Native extension for WebGL target not found
Refreshing native plugins compatible for Editor in 0.32 ms, found 1 plugins.
Preloading 0 native plugins for Editor in 0.00 ms.
Invoked RoslynAnalysisRunner static constructor.
RoslynAnalysisRunner will not be running.
RoslynAnalysisRunner has terminated.
Mono: successfully reloaded assembly
- Completed reload, in  0.679 seconds
Platform modules already initialized, skipping
Refreshing native plugins compatible for Editor in 0.31 ms, found 1 plugins.
Preloading 0 native plugins for Editor in 0.00 ms.
Unloading 1782 Unused Serialized files (Serialized files now loaded: 0)
System memory in use before: 97.3 MB.
System memory in use after: 97.3 MB.

Unloading 12 unused Assets to reduce memory usage. Loaded Objects now: 2277.
Total: 1.493600 ms (FindLiveObjects: 0.163800 ms CreateObjectMapping: 0.061200 ms MarkObjects: 1.194100 ms  DeleteObjects: 0.073700 ms)

========================================================================
Received Import Request.
  Time since last request: 160.162299 seconds.
  path: Assets/Scenes/SampleScene.unity
  artifactKey: Guid(2cda990e2423bbf4892e6590ba056729) Importer(815301076,1909f56bfc062723c751e8b465ee728b)
Start importing Assets/Scenes/SampleScene.unity using Guid(2cda990e2423bbf4892e6590ba056729) Importer(815301076,1909f56bfc062723c751e8b465ee728b)  -> (artifact id: '096a5beb82e5d7189438b7bdfe914ded') in 0.011104 seconds
  Import took 0.013297 seconds .

========================================================================
Received Import Request.
  Time since last request: 5.636947 seconds.
  path: Assets/Scenes/Main Menu.unity
  artifactKey: Guid(2cda990e2423bbf4892e6590ba056729) Importer(815301076,1909f56bfc062723c751e8b465ee728b)
Start importing Assets/Scenes/Main Menu.unity using Guid(2cda990e2423bbf4892e6590ba056729) Importer(815301076,1909f56bfc062723c751e8b465ee728b)  -> (artifact id: '1f015f49497bdf3eaf8461d5b61b305c') in 0.004789 seconds
  Import took 0.007579 seconds .

AssetImportWorkerClient::OnTransportError - code=2 error=End of file
